{"/Users/mateusanjos/Downloads/desafio-programacao-fullstack-1.1.0/hubla-front-challenge/src/App.tsx": {"path":"/Users/mateusanjos/Downloads/desafio-programacao-fullstack-1.1.0/hubla-front-challenge/src/App.tsx","statementMap":{"0":{"start":{"line":4,"column":2},"end":{"line":4,"column":23}}},"fnMap":{"0":{"name":"App","decl":{"start":{"line":3,"column":9},"end":{"line":3,"column":12}},"loc":{"start":{"line":3,"column":15},"end":{"line":5,"column":1}},"line":3}},"branchMap":{},"s":{"0":0},"f":{"0":0},"b":{}}
,"/Users/mateusanjos/Downloads/desafio-programacao-fullstack-1.1.0/hubla-front-challenge/src/components/Form/index.tsx": {"path":"/Users/mateusanjos/Downloads/desafio-programacao-fullstack-1.1.0/hubla-front-challenge/src/components/Form/index.tsx","statementMap":{"0":{"start":{"line":16,"column":21},"end":{"line":30,"column":1}},"1":{"start":{"line":23,"column":2},"end":{"line":29,"column":4}},"2":{"start":{"line":32,"column":20},"end":{"line":101,"column":1}},"3":{"start":{"line":33,"column":38},"end":{"line":33,"column":48}},"4":{"start":{"line":34,"column":37},"end":{"line":34,"column":46}},"5":{"start":{"line":35,"column":31},"end":{"line":35,"column":54}},"6":{"start":{"line":37,"column":27},"end":{"line":60,"column":3}},"7":{"start":{"line":39,"column":6},"end":{"line":39,"column":54}},"8":{"start":{"line":39,"column":41},"end":{"line":39,"column":54}},"9":{"start":{"line":40,"column":6},"end":{"line":57,"column":27}},"10":{"start":{"line":41,"column":46},"end":{"line":41,"column":65}},"11":{"start":{"line":43,"column":10},"end":{"line":43,"column":65}},"12":{"start":{"line":44,"column":8},"end":{"line":51,"column":9}},"13":{"start":{"line":45,"column":10},"end":{"line":45,"column":43}},"14":{"start":{"line":46,"column":10},"end":{"line":49,"column":13}},"15":{"start":{"line":50,"column":10},"end":{"line":50,"column":17}},"16":{"start":{"line":53,"column":8},"end":{"line":56,"column":11}},"17":{"start":{"line":61,"column":19},"end":{"line":68,"column":3}},"18":{"start":{"line":62,"column":4},"end":{"line":62,"column":78}},"19":{"start":{"line":63,"column":4},"end":{"line":67,"column":7}},"20":{"start":{"line":70,"column":18},"end":{"line":73,"column":3}},"21":{"start":{"line":71,"column":4},"end":{"line":71,"column":74}},"22":{"start":{"line":72,"column":4},"end":{"line":72,"column":44}},"23":{"start":{"line":75,"column":17},"end":{"line":80,"column":3}},"24":{"start":{"line":76,"column":4},"end":{"line":76,"column":43}},"25":{"start":{"line":77,"column":21},"end":{"line":77,"column":56}},"26":{"start":{"line":78,"column":4},"end":{"line":78,"column":51}},"27":{"start":{"line":78,"column":33},"end":{"line":78,"column":51}},"28":{"start":{"line":79,"column":4},"end":{"line":79,"column":14}},"29":{"start":{"line":81,"column":2},"end":{"line":100,"column":4}},"30":{"start":{"line":92,"column":25},"end":{"line":92,"column":39}}},"fnMap":{"0":{"name":"(anonymous_0)","decl":{"start":{"line":16,"column":21},"end":{"line":16,"column":22}},"loc":{"start":{"line":23,"column":2},"end":{"line":29,"column":4}},"line":23},"1":{"name":"(anonymous_1)","decl":{"start":{"line":32,"column":20},"end":{"line":32,"column":21}},"loc":{"start":{"line":32,"column":26},"end":{"line":101,"column":1}},"line":32},"2":{"name":"(anonymous_2)","decl":{"start":{"line":38,"column":4},"end":{"line":38,"column":5}},"loc":{"start":{"line":38,"column":50},"end":{"line":58,"column":5}},"line":38},"3":{"name":"(anonymous_3)","decl":{"start":{"line":40,"column":40},"end":{"line":40,"column":41}},"loc":{"start":{"line":40,"column":50},"end":{"line":57,"column":7}},"line":40},"4":{"name":"(anonymous_4)","decl":{"start":{"line":61,"column":19},"end":{"line":61,"column":20}},"loc":{"start":{"line":61,"column":25},"end":{"line":68,"column":3}},"line":61},"5":{"name":"(anonymous_5)","decl":{"start":{"line":70,"column":18},"end":{"line":70,"column":19}},"loc":{"start":{"line":70,"column":24},"end":{"line":73,"column":3}},"line":70},"6":{"name":"(anonymous_6)","decl":{"start":{"line":75,"column":17},"end":{"line":75,"column":18}},"loc":{"start":{"line":75,"column":29},"end":{"line":80,"column":3}},"line":75},"7":{"name":"(anonymous_7)","decl":{"start":{"line":92,"column":19},"end":{"line":92,"column":20}},"loc":{"start":{"line":92,"column":25},"end":{"line":92,"column":39}},"line":92}},"branchMap":{"0":{"loc":{"start":{"line":39,"column":6},"end":{"line":39,"column":54}},"type":"if","locations":[{"start":{"line":39,"column":6},"end":{"line":39,"column":54}},{"start":{},"end":{}}],"line":39},"1":{"loc":{"start":{"line":40,"column":6},"end":{"line":57,"column":26}},"type":"binary-expr","locations":[{"start":{"line":40,"column":6},"end":{"line":57,"column":8}},{"start":{"line":57,"column":12},"end":{"line":57,"column":26}}],"line":40},"2":{"loc":{"start":{"line":44,"column":8},"end":{"line":51,"column":9}},"type":"if","locations":[{"start":{"line":44,"column":8},"end":{"line":51,"column":9}},{"start":{},"end":{}}],"line":44},"3":{"loc":{"start":{"line":78,"column":4},"end":{"line":78,"column":51}},"type":"if","locations":[{"start":{"line":78,"column":4},"end":{"line":78,"column":51}},{"start":{},"end":{}}],"line":78}},"s":{"0":0,"1":0,"2":0,"3":0,"4":0,"5":0,"6":0,"7":0,"8":0,"9":0,"10":0,"11":0,"12":0,"13":0,"14":0,"15":0,"16":0,"17":0,"18":0,"19":0,"20":0,"21":0,"22":0,"23":0,"24":0,"25":0,"26":0,"27":0,"28":0,"29":0,"30":0},"f":{"0":0,"1":0,"2":0,"3":0,"4":0,"5":0,"6":0,"7":0},"b":{"0":[0,0],"1":[0,0],"2":[0,0],"3":[0,0]}}
,"/Users/mateusanjos/Downloads/desafio-programacao-fullstack-1.1.0/hubla-front-challenge/src/components/Loading/index.tsx": {"path":"/Users/mateusanjos/Downloads/desafio-programacao-fullstack-1.1.0/hubla-front-challenge/src/components/Loading/index.tsx","statementMap":{"0":{"start":{"line":4,"column":16},"end":{"line":20,"column":1}},"1":{"start":{"line":12,"column":2},"end":{"line":19,"column":4}}},"fnMap":{"0":{"name":"(anonymous_0)","decl":{"start":{"line":4,"column":16},"end":{"line":4,"column":17}},"loc":{"start":{"line":12,"column":2},"end":{"line":19,"column":4}},"line":12}},"branchMap":{},"s":{"0":1,"1":5},"f":{"0":5},"b":{},"_coverageSchema":"1a1c01bbd47fc00a2c39e90264f33305004495a9","hash":"b1c4fe75471eed342426c394f99983b3dad2f5e9"}
,"/Users/mateusanjos/Downloads/desafio-programacao-fullstack-1.1.0/hubla-front-challenge/src/components/Modal/index.tsx": {"path":"/Users/mateusanjos/Downloads/desafio-programacao-fullstack-1.1.0/hubla-front-challenge/src/components/Modal/index.tsx","statementMap":{"0":{"start":{"line":6,"column":20},"end":{"line":9,"column":2}},"1":{"start":{"line":11,"column":20},"end":{"line":14,"column":2}},"2":{"start":{"line":16,"column":22},"end":{"line":23,"column":2}},"3":{"start":{"line":25,"column":22},"end":{"line":42,"column":2}},"4":{"start":{"line":45,"column":2},"end":{"line":50,"column":4}},"5":{"start":{"line":53,"column":20},"end":{"line":58,"column":2}},"6":{"start":{"line":60,"column":26},"end":{"line":69,"column":2}},"7":{"start":{"line":71,"column":27},"end":{"line":71,"column":52}},"8":{"start":{"line":72,"column":34},"end":{"line":72,"column":62}},"9":{"start":{"line":73,"column":34},"end":{"line":73,"column":41}},"10":{"start":{"line":74,"column":32},"end":{"line":74,"column":43}},"11":{"start":{"line":75,"column":38},"end":{"line":75,"column":55}},"12":{"start":{"line":76,"column":33},"end":{"line":76,"column":60}},"13":{"start":{"line":77,"column":33},"end":{"line":77,"column":60}},"14":{"start":{"line":79,"column":13},"end":{"line":79,"column":75}},"15":{"start":{"line":81,"column":15},"end":{"line":112,"column":2}},"16":{"start":{"line":114,"column":24},"end":{"line":155,"column":1}},"17":{"start":{"line":125,"column":2},"end":{"line":154,"column":16}}},"fnMap":{"0":{"name":"Content","decl":{"start":{"line":44,"column":9},"end":{"line":44,"column":16}},"loc":{"start":{"line":44,"column":72},"end":{"line":51,"column":1}},"line":44},"1":{"name":"(anonymous_1)","decl":{"start":{"line":114,"column":24},"end":{"line":114,"column":25}},"loc":{"start":{"line":125,"column":2},"end":{"line":154,"column":16}},"line":125}},"branchMap":{"0":{"loc":{"start":{"line":125,"column":21},"end":{"line":125,"column":35}},"type":"binary-expr","locations":[{"start":{"line":125,"column":21},"end":{"line":125,"column":27}},{"start":{"line":125,"column":31},"end":{"line":125,"column":35}}],"line":125}},"s":{"0":1,"1":1,"2":1,"3":1,"4":3,"5":1,"6":1,"7":1,"8":1,"9":1,"10":1,"11":1,"12":1,"13":1,"14":1,"15":1,"16":1,"17":3},"f":{"0":3,"1":3},"b":{"0":[3,3]},"_coverageSchema":"1a1c01bbd47fc00a2c39e90264f33305004495a9","hash":"5996c04baa04df49c00e26edcc0d47aef75bec5f"}
,"/Users/mateusanjos/Downloads/desafio-programacao-fullstack-1.1.0/hubla-front-challenge/src/components/SubmitButton/index.tsx": {"path":"/Users/mateusanjos/Downloads/desafio-programacao-fullstack-1.1.0/hubla-front-challenge/src/components/SubmitButton/index.tsx","statementMap":{"0":{"start":{"line":8,"column":21},"end":{"line":16,"column":1}},"1":{"start":{"line":9,"column":2},"end":{"line":15,"column":11}}},"fnMap":{"0":{"name":"(anonymous_0)","decl":{"start":{"line":8,"column":21},"end":{"line":8,"column":22}},"loc":{"start":{"line":9,"column":2},"end":{"line":15,"column":11}},"line":9}},"branchMap":{},"s":{"0":1,"1":6},"f":{"0":6},"b":{},"_coverageSchema":"1a1c01bbd47fc00a2c39e90264f33305004495a9","hash":"167b8229bdd657848fb23389c8268f83506be682"}
,"/Users/mateusanjos/Downloads/desafio-programacao-fullstack-1.1.0/hubla-front-challenge/src/components/Table/index.tsx": {"path":"/Users/mateusanjos/Downloads/desafio-programacao-fullstack-1.1.0/hubla-front-challenge/src/components/Table/index.tsx","statementMap":{"0":{"start":{"line":5,"column":14},"end":{"line":46,"column":1}},"1":{"start":{"line":7,"column":4},"end":{"line":7,"column":31}},"2":{"start":{"line":9,"column":2},"end":{"line":45,"column":4}},"3":{"start":{"line":14,"column":12},"end":{"line":18,"column":17}},"4":{"start":{"line":16,"column":16},"end":{"line":16,"column":79}},"5":{"start":{"line":24,"column":12},"end":{"line":24,"column":28}},"6":{"start":{"line":25,"column":12},"end":{"line":39,"column":14}},"7":{"start":{"line":28,"column":34},"end":{"line":28,"column":76}},"8":{"start":{"line":30,"column":18},"end":{"line":36,"column":20}}},"fnMap":{"0":{"name":"(anonymous_0)","decl":{"start":{"line":5,"column":14},"end":{"line":5,"column":15}},"loc":{"start":{"line":5,"column":66},"end":{"line":46,"column":1}},"line":5},"1":{"name":"(anonymous_1)","decl":{"start":{"line":13,"column":28},"end":{"line":13,"column":29}},"loc":{"start":{"line":14,"column":12},"end":{"line":18,"column":17}},"line":14},"2":{"name":"(anonymous_2)","decl":{"start":{"line":15,"column":39},"end":{"line":15,"column":40}},"loc":{"start":{"line":16,"column":16},"end":{"line":16,"column":79}},"line":16},"3":{"name":"(anonymous_3)","decl":{"start":{"line":23,"column":20},"end":{"line":23,"column":21}},"loc":{"start":{"line":23,"column":29},"end":{"line":40,"column":11}},"line":23},"4":{"name":"(anonymous_4)","decl":{"start":{"line":27,"column":31},"end":{"line":27,"column":32}},"loc":{"start":{"line":27,"column":41},"end":{"line":37,"column":17}},"line":27}},"branchMap":{"0":{"loc":{"start":{"line":32,"column":23},"end":{"line":34,"column":45}},"type":"cond-expr","locations":[{"start":{"line":33,"column":26},"end":{"line":33,"column":60}},{"start":{"line":34,"column":26},"end":{"line":34,"column":45}}],"line":32}},"s":{"0":1,"1":6,"2":6,"3":6,"4":18,"5":6,"6":6,"7":18,"8":18},"f":{"0":6,"1":6,"2":18,"3":6,"4":18},"b":{"0":[0,18]},"_coverageSchema":"1a1c01bbd47fc00a2c39e90264f33305004495a9","hash":"2e4eea6d940cf464d466c5089029e3b6858ab988"}
,"/Users/mateusanjos/Downloads/desafio-programacao-fullstack-1.1.0/hubla-front-challenge/src/hooks/useToast.tsx": {"path":"/Users/mateusanjos/Downloads/desafio-programacao-fullstack-1.1.0/hubla-front-challenge/src/hooks/useToast.tsx","statementMap":{"0":{"start":{"line":4,"column":21},"end":{"line":18,"column":1}},"1":{"start":{"line":5,"column":2},"end":{"line":17,"column":4}},"2":{"start":{"line":20,"column":17},"end":{"line":27,"column":1}},"3":{"start":{"line":21,"column":20},"end":{"line":24,"column":3}},"4":{"start":{"line":22,"column":22},"end":{"line":22,"column":70}},"5":{"start":{"line":23,"column":4},"end":{"line":23,"column":23}},"6":{"start":{"line":26,"column":2},"end":{"line":26,"column":37}}},"fnMap":{"0":{"name":"(anonymous_0)","decl":{"start":{"line":4,"column":21},"end":{"line":4,"column":22}},"loc":{"start":{"line":4,"column":27},"end":{"line":18,"column":1}},"line":4},"1":{"name":"(anonymous_1)","decl":{"start":{"line":20,"column":17},"end":{"line":20,"column":18}},"loc":{"start":{"line":20,"column":23},"end":{"line":27,"column":1}},"line":20},"2":{"name":"(anonymous_2)","decl":{"start":{"line":21,"column":20},"end":{"line":21,"column":21}},"loc":{"start":{"line":21,"column":78},"end":{"line":24,"column":3}},"line":21}},"branchMap":{"0":{"loc":{"start":{"line":22,"column":22},"end":{"line":22,"column":70}},"type":"cond-expr","locations":[{"start":{"line":22,"column":43},"end":{"line":22,"column":56}},{"start":{"line":22,"column":59},"end":{"line":22,"column":70}}],"line":22}},"s":{"0":1,"1":1,"2":1,"3":1,"4":0,"5":0,"6":1},"f":{"0":1,"1":1,"2":0},"b":{"0":[0,0]},"_coverageSchema":"1a1c01bbd47fc00a2c39e90264f33305004495a9","hash":"ef10248b9a7c0b290ce86da1ed1735c37559d8a2"}
,"/Users/mateusanjos/Downloads/desafio-programacao-fullstack-1.1.0/hubla-front-challenge/src/pages/list.tsx": {"path":"/Users/mateusanjos/Downloads/desafio-programacao-fullstack-1.1.0/hubla-front-challenge/src/pages/list.tsx","statementMap":{"0":{"start":{"line":11,"column":22},"end":{"line":20,"column":1}},"1":{"start":{"line":12,"column":2},"end":{"line":19,"column":8}},"2":{"start":{"line":22,"column":20},"end":{"line":22,"column":58}},"3":{"start":{"line":22,"column":39},"end":{"line":22,"column":58}},"4":{"start":{"line":24,"column":13},"end":{"line":80,"column":1}},"5":{"start":{"line":25,"column":34},"end":{"line":25,"column":55}},"6":{"start":{"line":26,"column":28},"end":{"line":26,"column":54}},"7":{"start":{"line":27,"column":38},"end":{"line":27,"column":48}},"8":{"start":{"line":33,"column":6},"end":{"line":55,"column":3}},"9":{"start":{"line":35,"column":10},"end":{"line":35,"column":61}},"10":{"start":{"line":40,"column":8},"end":{"line":40,"column":27}},"11":{"start":{"line":41,"column":8},"end":{"line":44,"column":11}},"12":{"start":{"line":47,"column":8},"end":{"line":47,"column":27}},"13":{"start":{"line":48,"column":8},"end":{"line":51,"column":11}},"14":{"start":{"line":57,"column":21},"end":{"line":59,"column":3}},"15":{"start":{"line":58,"column":4},"end":{"line":58,"column":31}},"16":{"start":{"line":61,"column":24},"end":{"line":61,"column":62}},"17":{"start":{"line":62,"column":20},"end":{"line":66,"column":3}},"18":{"start":{"line":68,"column":2},"end":{"line":79,"column":4}},"19":{"start":{"line":73,"column":29},"end":{"line":73,"column":46}}},"fnMap":{"0":{"name":"(anonymous_0)","decl":{"start":{"line":11,"column":22},"end":{"line":11,"column":23}},"loc":{"start":{"line":12,"column":2},"end":{"line":19,"column":8}},"line":12},"1":{"name":"(anonymous_1)","decl":{"start":{"line":22,"column":20},"end":{"line":22,"column":21}},"loc":{"start":{"line":22,"column":39},"end":{"line":22,"column":58}},"line":22},"2":{"name":"(anonymous_2)","decl":{"start":{"line":24,"column":13},"end":{"line":24,"column":14}},"loc":{"start":{"line":24,"column":19},"end":{"line":80,"column":1}},"line":24},"3":{"name":"(anonymous_3)","decl":{"start":{"line":35,"column":4},"end":{"line":35,"column":5}},"loc":{"start":{"line":35,"column":10},"end":{"line":35,"column":61}},"line":35},"4":{"name":"(anonymous_4)","decl":{"start":{"line":39,"column":17},"end":{"line":39,"column":18}},"loc":{"start":{"line":39,"column":23},"end":{"line":45,"column":7}},"line":39},"5":{"name":"(anonymous_5)","decl":{"start":{"line":46,"column":15},"end":{"line":46,"column":16}},"loc":{"start":{"line":46,"column":21},"end":{"line":52,"column":7}},"line":46},"6":{"name":"(anonymous_6)","decl":{"start":{"line":57,"column":21},"end":{"line":57,"column":22}},"loc":{"start":{"line":57,"column":67},"end":{"line":59,"column":3}},"line":57},"7":{"name":"(anonymous_7)","decl":{"start":{"line":73,"column":23},"end":{"line":73,"column":24}},"loc":{"start":{"line":73,"column":29},"end":{"line":73,"column":46}},"line":73}},"branchMap":{"0":{"loc":{"start":{"line":62,"column":20},"end":{"line":66,"column":3}},"type":"cond-expr","locations":[{"start":{"line":63,"column":4},"end":{"line":63,"column":59}},{"start":{"line":65,"column":4},"end":{"line":65,"column":62}}],"line":62},"1":{"loc":{"start":{"line":74,"column":7},"end":{"line":74,"column":47}},"type":"binary-expr","locations":[{"start":{"line":74,"column":7},"end":{"line":74,"column":23}},{"start":{"line":74,"column":27},"end":{"line":74,"column":47}}],"line":74},"2":{"loc":{"start":{"line":75,"column":7},"end":{"line":75,"column":42}},"type":"binary-expr","locations":[{"start":{"line":75,"column":7},"end":{"line":75,"column":17}},{"start":{"line":75,"column":21},"end":{"line":75,"column":42}}],"line":75}},"s":{"0":0,"1":0,"2":0,"3":0,"4":0,"5":0,"6":0,"7":0,"8":0,"9":0,"10":0,"11":0,"12":0,"13":0,"14":0,"15":0,"16":0,"17":0,"18":0,"19":0},"f":{"0":0,"1":0,"2":0,"3":0,"4":0,"5":0,"6":0,"7":0},"b":{"0":[0,0],"1":[0,0],"2":[0,0]}}
,"/Users/mateusanjos/Downloads/desafio-programacao-fullstack-1.1.0/hubla-front-challenge/src/utils/form.ts": {"path":"/Users/mateusanjos/Downloads/desafio-programacao-fullstack-1.1.0/hubla-front-challenge/src/utils/form.ts","statementMap":{"0":{"start":{"line":5,"column":43},"end":{"line":12,"column":1}},"1":{"start":{"line":6,"column":19},"end":{"line":6,"column":29}},"2":{"start":{"line":7,"column":4},"end":{"line":9,"column":7}},"3":{"start":{"line":8,"column":8},"end":{"line":8,"column":40}},"4":{"start":{"line":10,"column":4},"end":{"line":10,"column":110}},"5":{"start":{"line":10,"column":67},"end":{"line":10,"column":90}},"6":{"start":{"line":14,"column":37},"end":{"line":44,"column":1}},"7":{"start":{"line":16,"column":4},"end":{"line":21,"column":5}},"8":{"start":{"line":17,"column":8},"end":{"line":17,"column":20}},"9":{"start":{"line":19,"column":20},"end":{"line":19,"column":58}},"10":{"start":{"line":20,"column":8},"end":{"line":20,"column":32}},"11":{"start":{"line":22,"column":22},"end":{"line":22,"column":39}},"12":{"start":{"line":23,"column":26},"end":{"line":25,"column":6}},"13":{"start":{"line":24,"column":8},"end":{"line":24,"column":38}},"14":{"start":{"line":27,"column":23},"end":{"line":30,"column":5}},"15":{"start":{"line":28,"column":8},"end":{"line":28,"column":69}},"16":{"start":{"line":29,"column":8},"end":{"line":29,"column":20}},"17":{"start":{"line":32,"column":4},"end":{"line":43,"column":50}},"18":{"start":{"line":33,"column":21},"end":{"line":33,"column":35}},"19":{"start":{"line":36,"column":8},"end":{"line":42,"column":9}},"20":{"start":{"line":43,"column":24},"end":{"line":43,"column":48}},"21":{"start":{"line":46,"column":24},"end":{"line":50,"column":1}},"22":{"start":{"line":48,"column":8},"end":{"line":48,"column":70}},"23":{"start":{"line":49,"column":4},"end":{"line":49,"column":46}},"24":{"start":{"line":49,"column":30},"end":{"line":49,"column":44}},"25":{"start":{"line":52,"column":23},"end":{"line":65,"column":1}},"26":{"start":{"line":53,"column":34},"end":{"line":53,"column":36}},"27":{"start":{"line":54,"column":4},"end":{"line":63,"column":7}},"28":{"start":{"line":55,"column":8},"end":{"line":62,"column":11}},"29":{"start":{"line":56,"column":12},"end":{"line":61,"column":13}},"30":{"start":{"line":56,"column":42},"end":{"line":56,"column":65}},"31":{"start":{"line":57,"column":16},"end":{"line":60,"column":19}},"32":{"start":{"line":64,"column":4},"end":{"line":64,"column":19}},"33":{"start":{"line":67,"column":23},"end":{"line":73,"column":1}},"34":{"start":{"line":68,"column":37},"end":{"line":68,"column":39}},"35":{"start":{"line":69,"column":4},"end":{"line":71,"column":7}},"36":{"start":{"line":70,"column":8},"end":{"line":70,"column":24}},"37":{"start":{"line":72,"column":4},"end":{"line":72,"column":16}},"38":{"start":{"line":75,"column":29},"end":{"line":78,"column":1}},"39":{"start":{"line":77,"column":4},"end":{"line":77,"column":59}},"40":{"start":{"line":81,"column":21},"end":{"line":81,"column":63}},"41":{"start":{"line":81,"column":37},"end":{"line":81,"column":63}},"42":{"start":{"line":82,"column":38},"end":{"line":86,"column":1}},"43":{"start":{"line":83,"column":4},"end":{"line":85,"column":5}},"44":{"start":{"line":84,"column":8},"end":{"line":84,"column":68}},"45":{"start":{"line":88,"column":27},"end":{"line":109,"column":1}}},"fnMap":{"0":{"name":"(anonymous_0)","decl":{"start":{"line":5,"column":43},"end":{"line":5,"column":44}},"loc":{"start":{"line":5,"column":62},"end":{"line":12,"column":1}},"line":5},"1":{"name":"(anonymous_1)","decl":{"start":{"line":7,"column":19},"end":{"line":7,"column":20}},"loc":{"start":{"line":7,"column":29},"end":{"line":9,"column":5}},"line":7},"2":{"name":"(anonymous_2)","decl":{"start":{"line":10,"column":58},"end":{"line":10,"column":59}},"loc":{"start":{"line":10,"column":67},"end":{"line":10,"column":90}},"line":10},"3":{"name":"(anonymous_3)","decl":{"start":{"line":14,"column":37},"end":{"line":14,"column":38}},"loc":{"start":{"line":14,"column":97},"end":{"line":44,"column":1}},"line":14},"4":{"name":"(anonymous_4)","decl":{"start":{"line":23,"column":41},"end":{"line":23,"column":42}},"loc":{"start":{"line":23,"column":51},"end":{"line":25,"column":5}},"line":23},"5":{"name":"(anonymous_5)","decl":{"start":{"line":27,"column":23},"end":{"line":27,"column":24}},"loc":{"start":{"line":27,"column":41},"end":{"line":30,"column":5}},"line":27},"6":{"name":"(anonymous_6)","decl":{"start":{"line":32,"column":29},"end":{"line":32,"column":30}},"loc":{"start":{"line":32,"column":41},"end":{"line":43,"column":5}},"line":32},"7":{"name":"(anonymous_7)","decl":{"start":{"line":43,"column":14},"end":{"line":43,"column":15}},"loc":{"start":{"line":43,"column":24},"end":{"line":43,"column":48}},"line":43},"8":{"name":"(anonymous_8)","decl":{"start":{"line":46,"column":24},"end":{"line":46,"column":25}},"loc":{"start":{"line":46,"column":76},"end":{"line":50,"column":1}},"line":46},"9":{"name":"(anonymous_9)","decl":{"start":{"line":49,"column":18},"end":{"line":49,"column":19}},"loc":{"start":{"line":49,"column":30},"end":{"line":49,"column":44}},"line":49},"10":{"name":"(anonymous_10)","decl":{"start":{"line":52,"column":23},"end":{"line":52,"column":24}},"loc":{"start":{"line":52,"column":52},"end":{"line":65,"column":1}},"line":52},"11":{"name":"(anonymous_11)","decl":{"start":{"line":54,"column":16},"end":{"line":54,"column":17}},"loc":{"start":{"line":54,"column":26},"end":{"line":63,"column":5}},"line":54},"12":{"name":"(anonymous_12)","decl":{"start":{"line":55,"column":34},"end":{"line":55,"column":35}},"loc":{"start":{"line":55,"column":43},"end":{"line":62,"column":9}},"line":55},"13":{"name":"(anonymous_13)","decl":{"start":{"line":56,"column":30},"end":{"line":56,"column":31}},"loc":{"start":{"line":56,"column":42},"end":{"line":56,"column":65}},"line":56},"14":{"name":"(anonymous_14)","decl":{"start":{"line":67,"column":23},"end":{"line":67,"column":24}},"loc":{"start":{"line":67,"column":52},"end":{"line":73,"column":1}},"line":67},"15":{"name":"(anonymous_15)","decl":{"start":{"line":69,"column":16},"end":{"line":69,"column":17}},"loc":{"start":{"line":69,"column":26},"end":{"line":71,"column":5}},"line":69},"16":{"name":"(anonymous_16)","decl":{"start":{"line":75,"column":29},"end":{"line":75,"column":30}},"loc":{"start":{"line":75,"column":59},"end":{"line":78,"column":1}},"line":75},"17":{"name":"(anonymous_17)","decl":{"start":{"line":81,"column":21},"end":{"line":81,"column":22}},"loc":{"start":{"line":81,"column":37},"end":{"line":81,"column":63}},"line":81},"18":{"name":"(anonymous_18)","decl":{"start":{"line":82,"column":38},"end":{"line":82,"column":39}},"loc":{"start":{"line":82,"column":84},"end":{"line":86,"column":1}},"line":82}},"branchMap":{"0":{"loc":{"start":{"line":16,"column":4},"end":{"line":21,"column":5}},"type":"if","locations":[{"start":{"line":16,"column":4},"end":{"line":21,"column":5}},{"start":{"line":18,"column":11},"end":{"line":21,"column":5}}],"line":16},"1":{"loc":{"start":{"line":48,"column":8},"end":{"line":48,"column":70}},"type":"binary-expr","locations":[{"start":{"line":48,"column":8},"end":{"line":48,"column":24}},{"start":{"line":48,"column":28},"end":{"line":48,"column":70}}],"line":48},"2":{"loc":{"start":{"line":56,"column":12},"end":{"line":61,"column":13}},"type":"if","locations":[{"start":{"line":56,"column":12},"end":{"line":61,"column":13}},{"start":{},"end":{}}],"line":56},"3":{"loc":{"start":{"line":83,"column":4},"end":{"line":85,"column":5}},"type":"if","locations":[{"start":{"line":83,"column":4},"end":{"line":85,"column":5}},{"start":{},"end":{}}],"line":83}},"s":{"0":1,"1":2,"2":2,"3":4,"4":2,"5":2,"6":1,"7":1,"8":1,"9":0,"10":0,"11":1,"12":1,"13":1,"14":1,"15":1,"16":1,"17":1,"18":1,"19":1,"20":1,"21":1,"22":0,"23":0,"24":0,"25":1,"26":3,"27":3,"28":3,"29":15,"30":30,"31":15,"32":3,"33":1,"34":3,"35":3,"36":3,"37":3,"38":1,"39":1,"40":1,"41":1,"42":1,"43":0,"44":0,"45":1},"f":{"0":2,"1":4,"2":2,"3":1,"4":1,"5":1,"6":1,"7":1,"8":0,"9":0,"10":3,"11":3,"12":15,"13":30,"14":3,"15":3,"16":1,"17":1,"18":0},"b":{"0":[1,0],"1":[0,0],"2":[15,0],"3":[0,0]},"_coverageSchema":"1a1c01bbd47fc00a2c39e90264f33305004495a9","hash":"e493a212c833a6cb63201704db9434d868c218e7"}
,"/Users/mateusanjos/Downloads/desafio-programacao-fullstack-1.1.0/hubla-front-challenge/src/utils/table.ts": {"path":"/Users/mateusanjos/Downloads/desafio-programacao-fullstack-1.1.0/hubla-front-challenge/src/utils/table.ts","statementMap":{"0":{"start":{"line":1,"column":24},"end":{"line":13,"column":1}},"1":{"start":{"line":2,"column":27},"end":{"line":4,"column":5}},"2":{"start":{"line":3,"column":8},"end":{"line":3,"column":40}},"3":{"start":{"line":5,"column":4},"end":{"line":12,"column":10}},"4":{"start":{"line":6,"column":22},"end":{"line":6,"column":30}},"5":{"start":{"line":7,"column":8},"end":{"line":10,"column":9}},"6":{"start":{"line":8,"column":27},"end":{"line":8,"column":48}},"7":{"start":{"line":9,"column":12},"end":{"line":9,"column":40}},"8":{"start":{"line":11,"column":8},"end":{"line":11,"column":27}},"9":{"start":{"line":15,"column":38},"end":{"line":21,"column":1}},"10":{"start":{"line":16,"column":19},"end":{"line":16,"column":54}},"11":{"start":{"line":17,"column":4},"end":{"line":20,"column":30}}},"fnMap":{"0":{"name":"(anonymous_0)","decl":{"start":{"line":1,"column":24},"end":{"line":1,"column":25}},"loc":{"start":{"line":1,"column":54},"end":{"line":13,"column":1}},"line":1},"1":{"name":"(anonymous_1)","decl":{"start":{"line":2,"column":27},"end":{"line":2,"column":28}},"loc":{"start":{"line":2,"column":46},"end":{"line":4,"column":5}},"line":2},"2":{"name":"(anonymous_2)","decl":{"start":{"line":5,"column":23},"end":{"line":5,"column":24}},"loc":{"start":{"line":5,"column":37},"end":{"line":12,"column":5}},"line":5},"3":{"name":"(anonymous_3)","decl":{"start":{"line":15,"column":38},"end":{"line":15,"column":39}},"loc":{"start":{"line":15,"column":57},"end":{"line":21,"column":1}},"line":15}},"branchMap":{"0":{"loc":{"start":{"line":7,"column":8},"end":{"line":10,"column":9}},"type":"if","locations":[{"start":{"line":7,"column":8},"end":{"line":10,"column":9}},{"start":{},"end":{}}],"line":7}},"s":{"0":1,"1":6,"2":0,"3":6,"4":6,"5":6,"6":0,"7":0,"8":6,"9":1,"10":6,"11":6},"f":{"0":6,"1":0,"2":6,"3":6},"b":{"0":[0,6]},"_coverageSchema":"1a1c01bbd47fc00a2c39e90264f33305004495a9","hash":"dc9dcc8aaf71619c2dc03e5bd4f2b596305ff9b5"}
}
