TN:
SF:src/App.tsx
FN:3,App
FNF:1
FNH:0
FNDA:0,App
DA:4,0
LF:1
LH:0
BRF:0
BRH:0
end_of_record
TN:
SF:src/components/Form/index.tsx
FN:16,(anonymous_0)
FN:32,(anonymous_1)
FN:38,(anonymous_2)
FN:40,(anonymous_3)
FN:61,(anonymous_4)
FN:70,(anonymous_5)
FN:75,(anonymous_6)
FN:92,(anonymous_7)
FNF:8
FNH:0
FNDA:0,(anonymous_0)
FNDA:0,(anonymous_1)
FNDA:0,(anonymous_2)
FNDA:0,(anonymous_3)
FNDA:0,(anonymous_4)
FNDA:0,(anonymous_5)
FNDA:0,(anonymous_6)
FNDA:0,(anonymous_7)
DA:16,0
DA:23,0
DA:32,0
DA:33,0
DA:34,0
DA:35,0
DA:37,0
DA:39,0
DA:40,0
DA:41,0
DA:43,0
DA:44,0
DA:45,0
DA:46,0
DA:50,0
DA:53,0
DA:61,0
DA:62,0
DA:63,0
DA:70,0
DA:71,0
DA:72,0
DA:75,0
DA:76,0
DA:77,0
DA:78,0
DA:79,0
DA:81,0
DA:92,0
LF:29
LH:0
BRDA:39,0,0,0
BRDA:39,0,1,0
BRDA:40,1,0,0
BRDA:40,1,1,0
BRDA:44,2,0,0
BRDA:44,2,1,0
BRDA:78,3,0,0
BRDA:78,3,1,0
BRF:8
BRH:0
end_of_record
TN:
SF:src/components/Loading/index.tsx
FN:4,(anonymous_0)
FNF:1
FNH:1
FNDA:5,(anonymous_0)
DA:4,1
DA:12,5
LF:2
LH:2
BRF:0
BRH:0
end_of_record
TN:
SF:src/components/Modal/index.tsx
FN:44,Content
FN:114,(anonymous_1)
FNF:2
FNH:2
FNDA:3,Content
FNDA:3,(anonymous_1)
DA:6,1
DA:11,1
DA:16,1
DA:25,1
DA:45,3
DA:53,1
DA:60,1
DA:71,1
DA:72,1
DA:73,1
DA:74,1
DA:75,1
DA:76,1
DA:77,1
DA:79,1
DA:81,1
DA:114,1
DA:125,3
LF:18
LH:18
BRDA:125,0,0,3
BRDA:125,0,1,3
BRF:2
BRH:2
end_of_record
TN:
SF:src/components/SubmitButton/index.tsx
FN:8,(anonymous_0)
FNF:1
FNH:1
FNDA:6,(anonymous_0)
DA:8,1
DA:9,6
LF:2
LH:2
BRF:0
BRH:0
end_of_record
TN:
SF:src/components/Table/index.tsx
FN:5,(anonymous_0)
FN:13,(anonymous_1)
FN:15,(anonymous_2)
FN:23,(anonymous_3)
FN:27,(anonymous_4)
FNF:5
FNH:5
FNDA:6,(anonymous_0)
FNDA:6,(anonymous_1)
FNDA:18,(anonymous_2)
FNDA:6,(anonymous_3)
FNDA:18,(anonymous_4)
DA:5,1
DA:7,6
DA:9,6
DA:14,6
DA:16,18
DA:24,6
DA:25,6
DA:28,18
DA:30,18
LF:9
LH:9
BRDA:32,0,0,0
BRDA:32,0,1,18
BRF:2
BRH:1
end_of_record
TN:
SF:src/hooks/useToast.tsx
FN:4,(anonymous_0)
FN:20,(anonymous_1)
FN:21,(anonymous_2)
FNF:3
FNH:2
FNDA:1,(anonymous_0)
FNDA:1,(anonymous_1)
FNDA:0,(anonymous_2)
DA:4,1
DA:5,1
DA:20,1
DA:21,1
DA:22,0
DA:23,0
DA:26,1
LF:7
LH:5
BRDA:22,0,0,0
BRDA:22,0,1,0
BRF:2
BRH:0
end_of_record
TN:
SF:src/pages/list.tsx
FN:11,(anonymous_0)
FN:22,(anonymous_1)
FN:24,(anonymous_2)
FN:35,(anonymous_3)
FN:39,(anonymous_4)
FN:46,(anonymous_5)
FN:57,(anonymous_6)
FN:73,(anonymous_7)
FNF:8
FNH:0
FNDA:0,(anonymous_0)
FNDA:0,(anonymous_1)
FNDA:0,(anonymous_2)
FNDA:0,(anonymous_3)
FNDA:0,(anonymous_4)
FNDA:0,(anonymous_5)
FNDA:0,(anonymous_6)
FNDA:0,(anonymous_7)
DA:11,0
DA:12,0
DA:22,0
DA:24,0
DA:25,0
DA:26,0
DA:27,0
DA:33,0
DA:35,0
DA:40,0
DA:41,0
DA:47,0
DA:48,0
DA:57,0
DA:58,0
DA:61,0
DA:62,0
DA:68,0
DA:73,0
LF:19
LH:0
BRDA:62,0,0,0
BRDA:62,0,1,0
BRDA:74,1,0,0
BRDA:74,1,1,0
BRDA:75,2,0,0
BRDA:75,2,1,0
BRF:6
BRH:0
end_of_record
TN:
SF:src/utils/form.ts
FN:5,(anonymous_0)
FN:7,(anonymous_1)
FN:10,(anonymous_2)
FN:14,(anonymous_3)
FN:23,(anonymous_4)
FN:27,(anonymous_5)
FN:32,(anonymous_6)
FN:43,(anonymous_7)
FN:46,(anonymous_8)
FN:49,(anonymous_9)
FN:52,(anonymous_10)
FN:54,(anonymous_11)
FN:55,(anonymous_12)
FN:56,(anonymous_13)
FN:67,(anonymous_14)
FN:69,(anonymous_15)
FN:75,(anonymous_16)
FN:81,(anonymous_17)
FN:82,(anonymous_18)
FNF:19
FNH:16
FNDA:2,(anonymous_0)
FNDA:4,(anonymous_1)
FNDA:2,(anonymous_2)
FNDA:1,(anonymous_3)
FNDA:1,(anonymous_4)
FNDA:1,(anonymous_5)
FNDA:1,(anonymous_6)
FNDA:1,(anonymous_7)
FNDA:0,(anonymous_8)
FNDA:0,(anonymous_9)
FNDA:3,(anonymous_10)
FNDA:3,(anonymous_11)
FNDA:15,(anonymous_12)
FNDA:30,(anonymous_13)
FNDA:3,(anonymous_14)
FNDA:3,(anonymous_15)
FNDA:1,(anonymous_16)
FNDA:1,(anonymous_17)
FNDA:0,(anonymous_18)
DA:5,1
DA:6,2
DA:7,2
DA:8,4
DA:10,2
DA:14,1
DA:16,1
DA:17,1
DA:19,0
DA:20,0
DA:22,1
DA:23,1
DA:24,1
DA:27,1
DA:28,1
DA:29,1
DA:32,1
DA:33,1
DA:36,1
DA:43,1
DA:46,1
DA:48,0
DA:49,0
DA:52,1
DA:53,3
DA:54,3
DA:55,3
DA:56,30
DA:57,15
DA:64,3
DA:67,1
DA:68,3
DA:69,3
DA:70,3
DA:72,3
DA:75,1
DA:77,1
DA:81,1
DA:82,1
DA:83,0
DA:84,0
DA:88,1
LF:42
LH:36
BRDA:16,0,0,1
BRDA:16,0,1,0
BRDA:48,1,0,0
BRDA:48,1,1,0
BRDA:56,2,0,15
BRDA:56,2,1,0
BRDA:83,3,0,0
BRDA:83,3,1,0
BRF:8
BRH:2
end_of_record
TN:
SF:src/utils/table.ts
FN:1,(anonymous_0)
FN:2,(anonymous_1)
FN:5,(anonymous_2)
FN:15,(anonymous_3)
FNF:4
FNH:3
FNDA:6,(anonymous_0)
FNDA:0,(anonymous_1)
FNDA:6,(anonymous_2)
FNDA:6,(anonymous_3)
DA:1,1
DA:2,6
DA:3,0
DA:5,6
DA:6,6
DA:7,6
DA:8,0
DA:9,0
DA:11,6
DA:15,1
DA:16,6
DA:17,6
LF:12
LH:9
BRDA:7,0,0,0
BRDA:7,0,1,6
BRF:2
BRH:1
end_of_record
